mode: set
github.com/marcos-dev88/sol_test/application/application.go:16.56,18.2 1 1
github.com/marcos-dev88/sol_test/application/application.go:20.44,21.22 1 1
github.com/marcos-dev88/sol_test/application/application.go:25.2,27.23 2 1
github.com/marcos-dev88/sol_test/application/application.go:87.2,87.17 1 1
github.com/marcos-dev88/sol_test/application/application.go:21.22,23.3 1 1
github.com/marcos-dev88/sol_test/application/application.go:27.23,28.38 1 1
github.com/marcos-dev88/sol_test/application/application.go:28.38,29.30 1 1
github.com/marcos-dev88/sol_test/application/application.go:30.22,31.39 1 1
github.com/marcos-dev88/sol_test/application/application.go:40.23,41.40 1 1
github.com/marcos-dev88/sol_test/application/application.go:49.27,50.44 1 1
github.com/marcos-dev88/sol_test/application/application.go:58.27,59.44 1 1
github.com/marcos-dev88/sol_test/application/application.go:67.30,68.47 1 1
github.com/marcos-dev88/sol_test/application/application.go:75.24,76.40 1 1
github.com/marcos-dev88/sol_test/application/application.go:31.39,32.29 1 1
github.com/marcos-dev88/sol_test/application/application.go:37.6,37.39 1 1
github.com/marcos-dev88/sol_test/application/application.go:32.29,35.7 1 1
github.com/marcos-dev88/sol_test/application/application.go:41.40,42.29 1 1
github.com/marcos-dev88/sol_test/application/application.go:46.6,46.40 1 1
github.com/marcos-dev88/sol_test/application/application.go:42.29,44.7 1 1
github.com/marcos-dev88/sol_test/application/application.go:50.44,51.29 1 1
github.com/marcos-dev88/sol_test/application/application.go:55.6,55.44 1 1
github.com/marcos-dev88/sol_test/application/application.go:51.29,53.7 1 1
github.com/marcos-dev88/sol_test/application/application.go:59.44,60.29 1 1
github.com/marcos-dev88/sol_test/application/application.go:64.6,64.44 1 1
github.com/marcos-dev88/sol_test/application/application.go:60.29,62.7 1 1
github.com/marcos-dev88/sol_test/application/application.go:68.47,69.29 1 1
github.com/marcos-dev88/sol_test/application/application.go:72.6,72.47 1 1
github.com/marcos-dev88/sol_test/application/application.go:69.29,71.7 1 1
github.com/marcos-dev88/sol_test/application/application.go:76.40,77.29 1 1
github.com/marcos-dev88/sol_test/application/application.go:81.6,81.41 1 0
github.com/marcos-dev88/sol_test/application/application.go:77.29,79.7 1 1
github.com/marcos-dev88/sol_test/application/application.go:90.39,91.23 1 1
github.com/marcos-dev88/sol_test/application/application.go:94.2,94.12 1 1
github.com/marcos-dev88/sol_test/application/application.go:91.23,93.3 1 1
github.com/marcos-dev88/sol_test/application/application.go:97.53,99.21 1 1
github.com/marcos-dev88/sol_test/application/application.go:111.2,111.12 1 1
github.com/marcos-dev88/sol_test/application/application.go:99.21,102.17 2 1
github.com/marcos-dev88/sol_test/application/application.go:106.3,106.27 1 1
github.com/marcos-dev88/sol_test/application/application.go:102.17,104.4 1 0
github.com/marcos-dev88/sol_test/application/application.go:107.8,109.3 1 1
github.com/marcos-dev88/sol_test/application/application.go:114.44,116.2 1 0
github.com/marcos-dev88/sol_test/application/application.go:118.31,120.2 1 1
github.com/marcos-dev88/sol_test/application/application.go:122.36,124.2 1 1
github.com/marcos-dev88/sol_test/application/application.go:125.36,127.2 1 1
github.com/marcos-dev88/sol_test/application/application.go:129.32,131.2 1 1
github.com/marcos-dev88/sol_test/application/application.go:133.39,135.2 1 1
github.com/marcos-dev88/sol_test/application/application.go:137.32,139.2 1 1
github.com/marcos-dev88/sol_test/application/application.go:141.36,144.2 1 1
github.com/marcos-dev88/sol_test/application/mock.go:15.38,17.2 1 1
github.com/marcos-dev88/sol_test/application/mock.go:19.43,21.2 1 1
github.com/marcos-dev88/sol_test/application/mock.go:23.43,25.2 1 1
github.com/marcos-dev88/sol_test/application/mock.go:27.39,29.2 1 1
github.com/marcos-dev88/sol_test/application/mock.go:31.46,33.2 1 1
github.com/marcos-dev88/sol_test/application/mock.go:35.39,37.2 1 1
github.com/marcos-dev88/sol_test/application/mock_input.go:47.61,53.2 3 1
