mode: set
github.com/marcos-dev88/sol_test/check_password/entity/password.go:28.76,30.16 2 1
github.com/marcos-dev88/sol_test/check_password/entity/password.go:34.2,37.8 1 1
github.com/marcos-dev88/sol_test/check_password/entity/password.go:30.16,32.3 1 1
github.com/marcos-dev88/sol_test/check_password/entity/password.go:50.54,52.17 1 1
github.com/marcos-dev88/sol_test/check_password/entity/password.go:56.2,56.30 1 1
github.com/marcos-dev88/sol_test/check_password/entity/password.go:76.2,76.15 1 1
github.com/marcos-dev88/sol_test/check_password/entity/password.go:52.17,54.3 1 1
github.com/marcos-dev88/sol_test/check_password/entity/password.go:56.30,57.37 1 1
github.com/marcos-dev88/sol_test/check_password/entity/password.go:58.17,59.23 1 1
github.com/marcos-dev88/sol_test/check_password/entity/password.go:60.25,61.31 1 1
github.com/marcos-dev88/sol_test/check_password/entity/password.go:62.19,63.25 1 1
github.com/marcos-dev88/sol_test/check_password/entity/password.go:64.18,65.24 1 1
github.com/marcos-dev88/sol_test/check_password/entity/password.go:66.22,67.28 1 1
github.com/marcos-dev88/sol_test/check_password/entity/password.go:68.22,69.28 1 1
github.com/marcos-dev88/sol_test/check_password/entity/password.go:71.11,72.143 1 1
