mode: set
github.com/marcos-dev88/checkpass/internal/service/mock.go:53.41,59.2 3 1
github.com/marcos-dev88/checkpass/internal/service/service.go:20.46,22.2 1 0
github.com/marcos-dev88/checkpass/internal/service/service.go:24.34,25.23 1 1
github.com/marcos-dev88/checkpass/internal/service/service.go:36.2,36.12 1 1
github.com/marcos-dev88/checkpass/internal/service/service.go:25.23,27.17 2 1
github.com/marcos-dev88/checkpass/internal/service/service.go:31.3,32.29 2 1
github.com/marcos-dev88/checkpass/internal/service/service.go:27.17,29.4 1 0
github.com/marcos-dev88/checkpass/internal/service/service.go:32.29,34.4 1 1
github.com/marcos-dev88/checkpass/internal/service/service.go:39.39,40.23 1 1
github.com/marcos-dev88/checkpass/internal/service/service.go:60.2,60.12 1 1
github.com/marcos-dev88/checkpass/internal/service/service.go:40.23,42.17 2 1
github.com/marcos-dev88/checkpass/internal/service/service.go:46.3,48.17 2 1
github.com/marcos-dev88/checkpass/internal/service/service.go:52.3,55.26 3 1
github.com/marcos-dev88/checkpass/internal/service/service.go:42.17,44.4 1 0
github.com/marcos-dev88/checkpass/internal/service/service.go:48.17,50.4 1 0
github.com/marcos-dev88/checkpass/internal/service/service.go:55.26,57.4 1 1
github.com/marcos-dev88/checkpass/internal/service/service.go:63.39,64.23 1 1
github.com/marcos-dev88/checkpass/internal/service/service.go:84.2,84.12 1 1
github.com/marcos-dev88/checkpass/internal/service/service.go:64.23,66.17 2 1
github.com/marcos-dev88/checkpass/internal/service/service.go:70.3,72.17 2 1
github.com/marcos-dev88/checkpass/internal/service/service.go:76.3,79.26 3 1
github.com/marcos-dev88/checkpass/internal/service/service.go:66.17,68.4 1 0
github.com/marcos-dev88/checkpass/internal/service/service.go:72.17,74.4 1 0
github.com/marcos-dev88/checkpass/internal/service/service.go:79.26,81.4 1 1
github.com/marcos-dev88/checkpass/internal/service/service.go:87.35,88.23 1 1
github.com/marcos-dev88/checkpass/internal/service/service.go:108.2,108.12 1 1
github.com/marcos-dev88/checkpass/internal/service/service.go:88.23,90.17 2 1
github.com/marcos-dev88/checkpass/internal/service/service.go:94.3,96.17 2 1
github.com/marcos-dev88/checkpass/internal/service/service.go:100.3,103.22 3 1
github.com/marcos-dev88/checkpass/internal/service/service.go:90.17,92.4 1 0
github.com/marcos-dev88/checkpass/internal/service/service.go:96.17,98.4 1 0
github.com/marcos-dev88/checkpass/internal/service/service.go:103.22,105.4 1 1
github.com/marcos-dev88/checkpass/internal/service/service.go:110.42,111.23 1 1
github.com/marcos-dev88/checkpass/internal/service/service.go:131.2,131.12 1 1
github.com/marcos-dev88/checkpass/internal/service/service.go:111.23,113.17 2 1
github.com/marcos-dev88/checkpass/internal/service/service.go:117.3,119.17 2 1
github.com/marcos-dev88/checkpass/internal/service/service.go:123.3,126.28 3 1
github.com/marcos-dev88/checkpass/internal/service/service.go:113.17,115.4 1 0
github.com/marcos-dev88/checkpass/internal/service/service.go:119.17,121.4 1 0
github.com/marcos-dev88/checkpass/internal/service/service.go:126.28,128.4 1 1
github.com/marcos-dev88/checkpass/internal/service/service.go:134.35,135.23 1 1
github.com/marcos-dev88/checkpass/internal/service/service.go:156.2,156.12 1 1
github.com/marcos-dev88/checkpass/internal/service/service.go:135.23,138.17 2 1
github.com/marcos-dev88/checkpass/internal/service/service.go:142.3,142.29 1 1
github.com/marcos-dev88/checkpass/internal/service/service.go:138.17,140.4 1 1
github.com/marcos-dev88/checkpass/internal/service/service.go:142.29,145.40 2 1
github.com/marcos-dev88/checkpass/internal/service/service.go:145.40,146.14 1 1
github.com/marcos-dev88/checkpass/internal/service/service.go:146.14,147.40 1 1
github.com/marcos-dev88/checkpass/internal/service/service.go:147.40,149.7 1 1
github.com/marcos-dev88/checkpass/internal/service/service.go:159.65,160.23 1 1
github.com/marcos-dev88/checkpass/internal/service/service.go:171.2,171.55 1 0
github.com/marcos-dev88/checkpass/internal/service/service.go:160.23,161.46 1 1
github.com/marcos-dev88/checkpass/internal/service/service.go:161.46,162.44 1 1
github.com/marcos-dev88/checkpass/internal/service/service.go:162.44,163.41 1 1
github.com/marcos-dev88/checkpass/internal/service/service.go:166.5,166.42 1 1
github.com/marcos-dev88/checkpass/internal/service/service.go:163.41,165.6 1 1
